[2018-05-09 17:02:28] [INFO] 启动ChromeDriver
[2018-05-09 17:02:28] [INFO] 打开网址http://127.0.0.1:8087/Discuz_X3.2_SC_GBK/upload/forum.php
[2018-05-09 17:02:28] [INFO] 找到元素[[ChromeDriver: chrome on XP (11f9232cbadc742fb21c0b80d8b5581a)] -> id: ls_username]
[2018-05-09 17:02:29] [INFO] 输入内容为：jxr
[2018-05-09 17:02:29] [INFO] 找到元素[[ChromeDriver: chrome on XP (11f9232cbadc742fb21c0b80d8b5581a)] -> id: ls_password]
[2018-05-09 17:02:29] [INFO] 输入内容为：123456
[2018-05-09 17:02:29] [INFO] 找到元素[[ChromeDriver: chrome on XP (11f9232cbadc742fb21c0b80d8b5581a)] -> xpath: //*[@id="lsform"]/div/div/table/tbody/tr[2]/td[3]/button]
[2018-05-09 17:02:29] [INFO] 元素点击成功
[2018-05-09 17:02:32] [INFO] 找到元素[[ChromeDriver: chrome on XP (11f9232cbadc742fb21c0b80d8b5581a)] -> xpath: //*[@id="category_1"]/table/tbody/tr[2]/td[2]/h2/a]
[2018-05-09 17:02:32] [INFO] 元素点击成功
[2018-05-09 17:02:32] [INFO] 找到元素[[ChromeDriver: chrome on XP (11f9232cbadc742fb21c0b80d8b5581a)] -> id: subject]
[2018-05-09 17:02:33] [INFO] 输入内容为：新板块的第一条回复
[2018-05-09 17:02:33] [INFO] 找到元素[[ChromeDriver: chrome on XP (11f9232cbadc742fb21c0b80d8b5581a)] -> id: fastpostmessage]
[2018-05-09 17:02:33] [INFO] 输入内容为：20180509
[2018-05-09 17:02:33] [INFO] 找到元素[[ChromeDriver: chrome on XP (11f9232cbadc742fb21c0b80d8b5581a)] -> id: fastpostsubmit]
[2018-05-09 17:02:33] [INFO] 元素点击成功
[2018-05-09 17:02:33] [INFO] 找到元素[[ChromeDriver: chrome on XP (11f9232cbadc742fb21c0b80d8b5581a)] -> class name: pt]
[2018-05-09 17:02:33] [INFO] 输入内容为：哈哈哈哈哈
[2018-05-09 17:02:33] [INFO] 找到元素[[ChromeDriver: chrome on XP (11f9232cbadc742fb21c0b80d8b5581a)] -> xpath: //*[@id="fastpostsubmit"]]
[2018-05-09 17:02:33] [INFO] 元素点击成功
