[2018-05-09 20:45:20] [INFO] 启动FirefoxDriver
[2018-05-09 20:45:20] [INFO] 打开网址http://127.0.0.1:8087/Discuz_X3.2_SC_GBK/upload/forum.php
[2018-05-09 20:45:20] [INFO] 找到元素[[FirefoxDriver: firefox on XP (32d51c12-f6c4-4930-8335-e3330008540c)] -> id: ls_username]
[2018-05-09 20:45:20] [INFO] 输入内容为：jxr
[2018-05-09 20:45:20] [INFO] 找到元素[[FirefoxDriver: firefox on XP (32d51c12-f6c4-4930-8335-e3330008540c)] -> id: ls_password]
[2018-05-09 20:45:20] [INFO] 输入内容为：123456
[2018-05-09 20:45:20] [INFO] 找到元素[[FirefoxDriver: firefox on XP (32d51c12-f6c4-4930-8335-e3330008540c)] -> xpath: //*[@id="lsform"]/div/div/table/tbody/tr[2]/td[3]/button]
[2018-05-09 20:45:21] [INFO] 元素点击成功
[2018-05-09 20:45:21] [INFO] 开始查找元素：By.xpath: //*[@id="scbar_btn"]
[2018-05-09 20:45:21] [INFO] 找到了元素 [By.xpath: //*[@id="scbar_btn"]]
[2018-05-09 20:45:21] [INFO] 找到元素[[FirefoxDriver: firefox on XP (32d51c12-f6c4-4930-8335-e3330008540c)] -> id: scbar_txt]
[2018-05-09 20:45:21] [INFO] 输入内容为：tit
[2018-05-09 20:45:21] [INFO] 找到元素[[FirefoxDriver: firefox on XP (32d51c12-f6c4-4930-8335-e3330008540c)] -> xpath: //*[@id="scbar_btn"]]
[2018-05-09 20:45:22] [INFO] 元素点击成功
[2018-05-09 20:45:22] [INFO] 获取窗口4294967297
[2018-05-09 20:45:22] [INFO] 获取窗口4294967304
[2018-05-09 20:45:22] [INFO] 开始查找元素：By.xpath: //*[@id="38"]/h3/a/strong/font
[2018-05-09 20:45:23] [INFO] 找到了元素 [By.xpath: //*[@id="38"]/h3/a/strong/font]
[2018-05-09 20:45:23] [INFO] 找到元素[[FirefoxDriver: firefox on XP (32d51c12-f6c4-4930-8335-e3330008540c)] -> xpath: //*[@id="38"]/h3/a/strong/font]
[2018-05-09 20:45:23] [INFO] 元素点击成功
[2018-05-09 20:45:23] [INFO] 获取窗口4294967297
[2018-05-09 20:45:23] [INFO] 获取窗口4294967304
[2018-05-09 20:45:23] [INFO] 获取窗口4294967307
[2018-05-09 20:45:23] [INFO] 开始查找元素：By.id: thread_subject
[2018-05-09 20:45:24] [INFO] 找到了元素 [By.id: thread_subject]
[2018-05-09 20:45:24] [INFO] 找到元素[[FirefoxDriver: firefox on XP (32d51c12-f6c4-4930-8335-e3330008540c)] -> id: thread_subject]
[2018-05-09 20:45:24] [INFO] 找到了期望的文字: [tit]
[2018-05-09 20:45:24] [INFO] 开始查找元素：By.xpath: //*[@id="um"]/p[1]/a[7]
[2018-05-09 20:45:34] [ERROR] 超时!! 10 秒之后还没找到元素 [By.xpath: //*[@id="um"]/p[1]/a[7]]
