[2018-05-09 20:10:55] [INFO] 启动FirefoxDriver
[2018-05-09 20:10:56] [INFO] 打开网址http://127.0.0.1:8087/Discuz_X3.2_SC_GBK/upload/forum.php
[2018-05-09 20:10:56] [INFO] 找到元素[[FirefoxDriver: firefox on XP (e7f2efd9-44a8-4a94-b872-d8eff0eca6df)] -> id: ls_username]
[2018-05-09 20:10:56] [INFO] 输入内容为：jxr
[2018-05-09 20:10:56] [INFO] 找到元素[[FirefoxDriver: firefox on XP (e7f2efd9-44a8-4a94-b872-d8eff0eca6df)] -> id: ls_password]
[2018-05-09 20:10:56] [INFO] 输入内容为：123456
[2018-05-09 20:10:56] [INFO] 找到元素[[FirefoxDriver: firefox on XP (e7f2efd9-44a8-4a94-b872-d8eff0eca6df)] -> xpath: //*[@id="lsform"]/div/div/table/tbody/tr[2]/td[3]/button]
[2018-05-09 20:10:57] [INFO] 元素点击成功
[2018-05-09 20:10:57] [INFO] 开始查找元素：By.xpath: //*[@id="scbar_btn"]
[2018-05-09 20:10:57] [INFO] 找到了元素 [By.xpath: //*[@id="scbar_btn"]]
[2018-05-09 20:10:57] [INFO] 找到元素[[FirefoxDriver: firefox on XP (e7f2efd9-44a8-4a94-b872-d8eff0eca6df)] -> id: scbar_txt]
[2018-05-09 20:10:57] [INFO] 输入内容为：tit
[2018-05-09 20:10:57] [INFO] 找到元素[[FirefoxDriver: firefox on XP (e7f2efd9-44a8-4a94-b872-d8eff0eca6df)] -> xpath: //*[@id="scbar_btn"]]
[2018-05-09 20:10:57] [INFO] 元素点击成功
[2018-05-09 20:10:58] [INFO] 获取窗口2147483651
[2018-05-09 20:10:58] [INFO] 获取窗口2147483659
[2018-05-09 20:10:58] [INFO] 开始查找元素：By.xpath: //*[@id="38"]/h3/a/strong/font
[2018-05-09 20:10:59] [INFO] 找到了元素 [By.xpath: //*[@id="38"]/h3/a/strong/font]
[2018-05-09 20:10:59] [INFO] 找到元素[[FirefoxDriver: firefox on XP (e7f2efd9-44a8-4a94-b872-d8eff0eca6df)] -> xpath: //*[@id="38"]/h3/a/strong/font]
[2018-05-09 20:10:59] [INFO] 元素点击成功
