[2018-05-30 19:39:11] [INFO] 启动FirefoxDriver
[2018-05-30 19:39:12] [INFO] 打开网址http://127.0.0.1:8087/Discuz_X3.2_SC_GBK/upload/forum.php
[2018-05-30 19:39:12] [INFO] 找到元素[[FirefoxDriver: firefox on XP (3fe64f3f-47e1-4e87-bdbc-c84362fe9513)] -> id: ls_username]
[2018-05-30 19:39:13] [INFO] 输入内容为：jxr
[2018-05-30 19:39:13] [INFO] 找到元素[[FirefoxDriver: firefox on XP (3fe64f3f-47e1-4e87-bdbc-c84362fe9513)] -> id: ls_password]
[2018-05-30 19:39:13] [INFO] 输入内容为：123456
[2018-05-30 19:39:13] [INFO] 找到元素[[FirefoxDriver: firefox on XP (3fe64f3f-47e1-4e87-bdbc-c84362fe9513)] -> xpath: //*[@id="lsform"]/div/div/table/tbody/tr[2]/td[3]/button]
[2018-05-30 19:39:13] [INFO] 元素点击成功
[2018-05-30 19:39:16] [INFO] 找到元素[[FirefoxDriver: firefox on XP (3fe64f3f-47e1-4e87-bdbc-c84362fe9513)] -> xpath: //*[@id="category_1"]/table/tbody/tr[2]/td[2]/h2/a]
[2018-05-30 19:39:16] [INFO] 元素点击成功
[2018-05-30 19:39:16] [INFO] 找到元素[[FirefoxDriver: firefox on XP (3fe64f3f-47e1-4e87-bdbc-c84362fe9513)] -> id: subject]
[2018-05-30 19:39:17] [INFO] 输入内容为：新板块的第一条回复
[2018-05-30 19:39:17] [INFO] 找到元素[[FirefoxDriver: firefox on XP (3fe64f3f-47e1-4e87-bdbc-c84362fe9513)] -> id: fastpostmessage]
[2018-05-30 19:39:17] [INFO] 输入内容为：欢迎回帖。。。。。。。。。
[2018-05-30 19:39:17] [INFO] 找到元素[[FirefoxDriver: firefox on XP (3fe64f3f-47e1-4e87-bdbc-c84362fe9513)] -> id: fastpostsubmit]
[2018-05-30 19:39:17] [INFO] 元素点击成功
[2018-05-30 19:39:20] [INFO] 找到元素[[FirefoxDriver: firefox on XP (3fe64f3f-47e1-4e87-bdbc-c84362fe9513)] -> xpath: //*[@id="fastpostmessage"]]
[2018-05-30 19:39:21] [INFO] 输入内容为：哈哈哈哈哈
[2018-05-30 19:39:21] [INFO] 开始查找元素：By.xpath: //*[@id="fastpostsubmit"]
[2018-05-30 19:39:21] [INFO] 找到了元素 [By.xpath: //*[@id="fastpostsubmit"]]
[2018-05-30 19:39:21] [INFO] 找到元素[[FirefoxDriver: firefox on XP (3fe64f3f-47e1-4e87-bdbc-c84362fe9513)] -> xpath: //*[@id="fastpostsubmit"]]
[2018-05-30 19:39:21] [INFO] 元素点击成功
