[2018-05-09 14:10:21] [INFO] 启动ChromeDriver
[2018-05-09 14:10:22] [INFO] 打开网址http://127.0.0.1:8087/Discuz_X3.2_SC_GBK/upload/forum.php
[2018-05-09 14:10:22] [INFO] 找到元素[[ChromeDriver: chrome on XP (c884cf2f4725f0a5062f8455c2efa565)] -> id: ls_username]
[2018-05-09 14:10:22] [INFO] 输入内容为：admin
[2018-05-09 14:10:22] [INFO] 找到元素[[ChromeDriver: chrome on XP (c884cf2f4725f0a5062f8455c2efa565)] -> id: ls_password]
[2018-05-09 14:10:22] [INFO] 输入内容为：password
[2018-05-09 14:10:22] [INFO] 找到元素[[ChromeDriver: chrome on XP (c884cf2f4725f0a5062f8455c2efa565)] -> xpath: //*[@id="lsform"]/div/div/table/tbody/tr[2]/td[3]/button]
[2018-05-09 14:10:22] [INFO] 元素点击成功
[2018-05-09 14:10:26] [INFO] 找到元素[[ChromeDriver: chrome on XP (c884cf2f4725f0a5062f8455c2efa565)] -> xpath: //*[@id="um"]/p[1]/a[6]]
[2018-05-09 14:10:26] [INFO] 元素点击成功
[2018-05-09 14:10:26] [INFO] 获取窗口CDwindow-3C6BED6CE8A988D5F58BF2CB1B4AD2F1
[2018-05-09 14:10:26] [INFO] 获取窗口CDwindow-3DE78957BDA8E7064854580EC97E087C
[2018-05-09 14:10:27] [INFO] 找到元素[[ChromeDriver: chrome on XP (c884cf2f4725f0a5062f8455c2efa565)] -> class name: txt]
[2018-05-09 14:10:27] [INFO] 输入内容为：password
[2018-05-09 14:10:27] [INFO] 找到元素[[ChromeDriver: chrome on XP (c884cf2f4725f0a5062f8455c2efa565)] -> xpath: //*[@id="loginform"]/p[9]/input]
[2018-05-09 14:10:49] [INFO] 元素点击成功
[2018-05-09 14:10:49] [INFO] 获取窗口CDwindow-3C6BED6CE8A988D5F58BF2CB1B4AD2F1
[2018-05-09 14:10:49] [INFO] 获取窗口CDwindow-3DE78957BDA8E7064854580EC97E087C
[2018-05-09 14:10:49] [INFO] 找到元素[[ChromeDriver: chrome on XP (c884cf2f4725f0a5062f8455c2efa565)] -> id: header_forum]
[2018-05-09 14:10:49] [INFO] 元素点击成功
[2018-05-09 14:10:55] [INFO] 找到元素[[ChromeDriver: chrome on XP (c884cf2f4725f0a5062f8455c2efa565)] -> xpath: //*[@id="cpform"]/table/tbody[3]/tr/td[2]/div/a]
[2018-05-09 14:10:55] [INFO] 元素点击成功
[2018-05-09 14:10:55] [INFO] 找到元素[[ChromeDriver: chrome on XP (c884cf2f4725f0a5062f8455c2efa565)] -> id: submit_editsubmit]
[2018-05-09 14:10:55] [INFO] 元素点击成功
[2018-05-09 14:10:58] [INFO] 找到元素[[ChromeDriver: chrome on XP (c884cf2f4725f0a5062f8455c2efa565)] -> xpath: //*[@id="frameuinfo"]/p[1]/a]
[2018-05-09 14:10:59] [INFO] 元素点击成功
