[2018-05-09 16:53:28] [INFO] 启动ChromeDriver
[2018-05-09 16:53:29] [INFO] 打开网址http://127.0.0.1:8087/Discuz_X3.2_SC_GBK/upload/forum.php
[2018-05-09 16:53:29] [INFO] 找到元素[[ChromeDriver: chrome on XP (5dd8c32c7680968c8bbc184a525fd5d5)] -> id: ls_username]
[2018-05-09 16:53:29] [INFO] 输入内容为：jxr
[2018-05-09 16:53:29] [INFO] 找到元素[[ChromeDriver: chrome on XP (5dd8c32c7680968c8bbc184a525fd5d5)] -> id: ls_password]
[2018-05-09 16:53:29] [INFO] 输入内容为：123456
[2018-05-09 16:53:29] [INFO] 找到元素[[ChromeDriver: chrome on XP (5dd8c32c7680968c8bbc184a525fd5d5)] -> xpath: //*[@id="lsform"]/div/div/table/tbody/tr[2]/td[3]/button]
[2018-05-09 16:53:29] [INFO] 元素点击成功
[2018-05-09 16:53:33] [INFO] 找到元素[[ChromeDriver: chrome on XP (5dd8c32c7680968c8bbc184a525fd5d5)] -> xpath: //*[@id="category_1"]/table/tbody/tr[2]/td[2]/h2/a]
[2018-05-09 16:53:33] [INFO] 元素点击成功
[2018-05-09 16:53:33] [INFO] 找到元素[[ChromeDriver: chrome on XP (5dd8c32c7680968c8bbc184a525fd5d5)] -> id: subject]
[2018-05-09 16:53:33] [INFO] 输入内容为：title
[2018-05-09 16:53:33] [INFO] 找到元素[[ChromeDriver: chrome on XP (5dd8c32c7680968c8bbc184a525fd5d5)] -> id: fastpostmessage]
[2018-05-09 16:53:33] [INFO] 输入内容为：text
[2018-05-09 16:53:33] [INFO] 找到元素[[ChromeDriver: chrome on XP (5dd8c32c7680968c8bbc184a525fd5d5)] -> id: fastpostsubmit]
[2018-05-09 16:53:34] [INFO] 元素点击成功
[2018-05-09 16:53:37] [INFO] 找到元素[[ChromeDriver: chrome on XP (5dd8c32c7680968c8bbc184a525fd5d5)] -> class name: pt]
[2018-05-09 16:53:37] [INFO] 输入内容为：replymessages
[2018-05-09 16:53:37] [INFO] 找到元素[[ChromeDriver: chrome on XP (5dd8c32c7680968c8bbc184a525fd5d5)] -> xpath: //*[@id="fastpostsubmit"]]
[2018-05-09 16:53:37] [INFO] 元素点击成功
