[2018-05-09 21:02:25] [INFO] 启动FirefoxDriver
[2018-05-09 21:02:26] [INFO] 打开网址http://127.0.0.1:8087/Discuz_X3.2_SC_GBK/upload/forum.php
[2018-05-09 21:02:26] [INFO] 找到元素[[FirefoxDriver: firefox on XP (ebf4db2f-ba9c-45c4-bb75-1fa3a0e9684b)] -> id: ls_username]
[2018-05-09 21:02:26] [INFO] 输入内容为：jxr
[2018-05-09 21:02:26] [INFO] 找到元素[[FirefoxDriver: firefox on XP (ebf4db2f-ba9c-45c4-bb75-1fa3a0e9684b)] -> id: ls_password]
[2018-05-09 21:02:26] [INFO] 输入内容为：123456
[2018-05-09 21:02:26] [INFO] 找到元素[[FirefoxDriver: firefox on XP (ebf4db2f-ba9c-45c4-bb75-1fa3a0e9684b)] -> xpath: //*[@id="lsform"]/div/div/table/tbody/tr[2]/td[3]/button]
[2018-05-09 21:02:26] [INFO] 元素点击成功
[2018-05-09 21:02:26] [INFO] 开始查找元素：By.xpath: //*[@id="scbar_btn"]
[2018-05-09 21:02:27] [INFO] 找到了元素 [By.xpath: //*[@id="scbar_btn"]]
[2018-05-09 21:02:27] [INFO] 找到元素[[FirefoxDriver: firefox on XP (ebf4db2f-ba9c-45c4-bb75-1fa3a0e9684b)] -> id: scbar_txt]
[2018-05-09 21:02:27] [INFO] 输入内容为：tit
[2018-05-09 21:02:27] [INFO] 找到元素[[FirefoxDriver: firefox on XP (ebf4db2f-ba9c-45c4-bb75-1fa3a0e9684b)] -> xpath: //*[@id="scbar_btn"]]
[2018-05-09 21:02:27] [INFO] 元素点击成功
[2018-05-09 21:02:27] [INFO] 获取窗口2147483652
[2018-05-09 21:02:27] [INFO] 获取窗口2147483659
[2018-05-09 21:02:27] [INFO] 开始查找元素：By.xpath: //*[@id="38"]/h3/a/strong/font
[2018-05-09 21:02:28] [INFO] 找到了元素 [By.xpath: //*[@id="38"]/h3/a/strong/font]
[2018-05-09 21:02:28] [INFO] 找到元素[[FirefoxDriver: firefox on XP (ebf4db2f-ba9c-45c4-bb75-1fa3a0e9684b)] -> xpath: //*[@id="38"]/h3/a/strong/font]
[2018-05-09 21:02:29] [INFO] 元素点击成功
[2018-05-09 21:02:29] [INFO] 获取窗口2147483652
[2018-05-09 21:02:29] [INFO] 获取窗口2147483659
[2018-05-09 21:02:29] [INFO] 获取窗口2147483662
[2018-05-09 21:02:29] [INFO] 开始查找元素：By.id: thread_subject
[2018-05-09 21:02:30] [INFO] 找到了元素 [By.id: thread_subject]
[2018-05-09 21:02:30] [INFO] 找到元素[[FirefoxDriver: firefox on XP (ebf4db2f-ba9c-45c4-bb75-1fa3a0e9684b)] -> id: thread_subject]
[2018-05-09 21:02:30] [INFO] 找到了期望的文字: [tit]
[2018-05-09 21:02:30] [INFO] 开始查找元素：By.linkText: 退出
[2018-05-09 21:02:30] [INFO] 找到了元素 [By.linkText: 退出]
[2018-05-09 21:02:30] [INFO] 找到元素[[FirefoxDriver: firefox on XP (ebf4db2f-ba9c-45c4-bb75-1fa3a0e9684b)] -> link text: 退出]
[2018-05-09 21:02:30] [INFO] 元素点击成功
