[2018-05-09 17:22:11] [INFO] 启动ChromeDriver
[2018-05-09 17:22:12] [INFO] 打开网址http://127.0.0.1:8087/Discuz_X3.2_SC_GBK/upload/forum.php
[2018-05-09 17:22:12] [INFO] 找到元素[[ChromeDriver: chrome on XP (cd7e5d97464943048685f5416c2129e9)] -> id: ls_username]
[2018-05-09 17:22:12] [INFO] 输入内容为：jxr
[2018-05-09 17:22:12] [INFO] 找到元素[[ChromeDriver: chrome on XP (cd7e5d97464943048685f5416c2129e9)] -> id: ls_password]
[2018-05-09 17:22:12] [INFO] 输入内容为：123456
[2018-05-09 17:22:12] [INFO] 找到元素[[ChromeDriver: chrome on XP (cd7e5d97464943048685f5416c2129e9)] -> xpath: //*[@id="lsform"]/div/div/table/tbody/tr[2]/td[3]/button]
[2018-05-09 17:22:12] [INFO] 元素点击成功
[2018-05-09 17:22:15] [INFO] 找到元素[[ChromeDriver: chrome on XP (cd7e5d97464943048685f5416c2129e9)] -> xpath: //*[@id="category_1"]/table/tbody/tr[2]/td[2]/h2/a]
[2018-05-09 17:22:16] [INFO] 元素点击成功
[2018-05-09 17:22:16] [INFO] 找到元素[[ChromeDriver: chrome on XP (cd7e5d97464943048685f5416c2129e9)] -> id: subject]
[2018-05-09 17:22:16] [INFO] 输入内容为：新板块的第一条回复
[2018-05-09 17:22:16] [INFO] 找到元素[[ChromeDriver: chrome on XP (cd7e5d97464943048685f5416c2129e9)] -> id: fastpostmessage]
[2018-05-09 17:22:16] [INFO] 输入内容为：欢迎回帖。。。。。。。。。
[2018-05-09 17:22:16] [INFO] 找到元素[[ChromeDriver: chrome on XP (cd7e5d97464943048685f5416c2129e9)] -> id: fastpostsubmit]
[2018-05-09 17:22:16] [INFO] 元素点击成功
[2018-05-09 17:22:19] [INFO] 找到元素[[ChromeDriver: chrome on XP (cd7e5d97464943048685f5416c2129e9)] -> xpath: //*[@id="fastpostmessage"]]
[2018-05-09 17:22:19] [INFO] 输入内容为：哈哈哈哈哈
[2018-05-09 17:22:22] [INFO] 找到元素[[ChromeDriver: chrome on XP (cd7e5d97464943048685f5416c2129e9)] -> xpath: //*[@id="fastpostsubmit"]]
[2018-05-09 17:22:22] [INFO] 元素点击成功
