[2018-05-09 16:50:47] [INFO] 启动ChromeDriver
[2018-05-09 16:50:48] [INFO] 打开网址http://127.0.0.1:8087/Discuz_X3.2_SC_GBK/upload/forum.php
[2018-05-09 16:50:48] [INFO] 找到元素[[ChromeDriver: chrome on XP (8aaa19a2cfa811a474436fa5b2a7633e)] -> id: ls_username]
[2018-05-09 16:50:48] [INFO] 输入内容为：jxr
[2018-05-09 16:50:48] [INFO] 找到元素[[ChromeDriver: chrome on XP (8aaa19a2cfa811a474436fa5b2a7633e)] -> id: ls_password]
[2018-05-09 16:50:48] [INFO] 输入内容为：123456
[2018-05-09 16:50:48] [INFO] 找到元素[[ChromeDriver: chrome on XP (8aaa19a2cfa811a474436fa5b2a7633e)] -> xpath: //*[@id="lsform"]/div/div/table/tbody/tr[2]/td[3]/button]
[2018-05-09 16:50:49] [INFO] 元素点击成功
[2018-05-09 16:50:52] [INFO] 找到元素[[ChromeDriver: chrome on XP (8aaa19a2cfa811a474436fa5b2a7633e)] -> xpath: //*[@id="category_1"]/table/tbody/tr[2]/td[2]/h2/a]
[2018-05-09 16:50:52] [INFO] 元素点击成功
[2018-05-09 16:50:52] [INFO] 找到元素[[ChromeDriver: chrome on XP (8aaa19a2cfa811a474436fa5b2a7633e)] -> id: subject]
[2018-05-09 16:50:52] [INFO] 输入内容为：title
[2018-05-09 16:50:52] [INFO] 找到元素[[ChromeDriver: chrome on XP (8aaa19a2cfa811a474436fa5b2a7633e)] -> id: fastpostmessage]
[2018-05-09 16:50:52] [INFO] 输入内容为：text
[2018-05-09 16:50:52] [INFO] 找到元素[[ChromeDriver: chrome on XP (8aaa19a2cfa811a474436fa5b2a7633e)] -> id: fastpostsubmit]
[2018-05-09 16:50:52] [INFO] 元素点击成功
[2018-05-09 16:50:55] [INFO] 找到元素[[ChromeDriver: chrome on XP (8aaa19a2cfa811a474436fa5b2a7633e)] -> class name: pt]
[2018-05-09 16:50:56] [INFO] 输入内容为：replymessages
[2018-05-09 16:50:56] [INFO] 找到元素[[ChromeDriver: chrome on XP (8aaa19a2cfa811a474436fa5b2a7633e)] -> xpath: //*[@id="fastpostsubmit"]]
[2018-05-09 16:50:56] [INFO] 元素点击成功
