[2018-05-09 20:53:24] [INFO] 启动FirefoxDriver
[2018-05-09 20:53:25] [INFO] 打开网址http://127.0.0.1:8087/Discuz_X3.2_SC_GBK/upload/forum.php
[2018-05-09 20:53:25] [INFO] 找到元素[[FirefoxDriver: firefox on XP (534f4ed7-6549-40a3-9925-854e8ff8355e)] -> id: ls_username]
[2018-05-09 20:53:25] [INFO] 输入内容为：jxr
[2018-05-09 20:53:25] [INFO] 找到元素[[FirefoxDriver: firefox on XP (534f4ed7-6549-40a3-9925-854e8ff8355e)] -> id: ls_password]
[2018-05-09 20:53:25] [INFO] 输入内容为：123456
[2018-05-09 20:53:25] [INFO] 找到元素[[FirefoxDriver: firefox on XP (534f4ed7-6549-40a3-9925-854e8ff8355e)] -> xpath: //*[@id="lsform"]/div/div/table/tbody/tr[2]/td[3]/button]
[2018-05-09 20:53:26] [INFO] 元素点击成功
[2018-05-09 20:53:26] [INFO] 开始查找元素：By.xpath: //*[@id="scbar_btn"]
[2018-05-09 20:53:26] [INFO] 找到了元素 [By.xpath: //*[@id="scbar_btn"]]
[2018-05-09 20:53:26] [INFO] 找到元素[[FirefoxDriver: firefox on XP (534f4ed7-6549-40a3-9925-854e8ff8355e)] -> id: scbar_txt]
[2018-05-09 20:53:26] [INFO] 输入内容为：tit
[2018-05-09 20:53:26] [INFO] 找到元素[[FirefoxDriver: firefox on XP (534f4ed7-6549-40a3-9925-854e8ff8355e)] -> xpath: //*[@id="scbar_btn"]]
[2018-05-09 20:53:27] [INFO] 元素点击成功
[2018-05-09 20:53:27] [INFO] 获取窗口4294967297
[2018-05-09 20:53:27] [INFO] 获取窗口4294967304
[2018-05-09 20:53:27] [INFO] 开始查找元素：By.xpath: //*[@id="38"]/h3/a/strong/font
[2018-05-09 20:53:28] [INFO] 找到了元素 [By.xpath: //*[@id="38"]/h3/a/strong/font]
[2018-05-09 20:53:28] [INFO] 找到元素[[FirefoxDriver: firefox on XP (534f4ed7-6549-40a3-9925-854e8ff8355e)] -> xpath: //*[@id="38"]/h3/a/strong/font]
[2018-05-09 20:53:28] [INFO] 元素点击成功
[2018-05-09 20:53:28] [INFO] 获取窗口4294967297
[2018-05-09 20:53:28] [INFO] 获取窗口4294967304
[2018-05-09 20:53:28] [INFO] 获取窗口4294967307
[2018-05-09 20:53:28] [INFO] 开始查找元素：By.id: thread_subject
[2018-05-09 20:53:29] [INFO] 找到了元素 [By.id: thread_subject]
[2018-05-09 20:53:29] [INFO] 找到元素[[FirefoxDriver: firefox on XP (534f4ed7-6549-40a3-9925-854e8ff8355e)] -> id: thread_subject]
[2018-05-09 20:53:29] [INFO] 找到了期望的文字: [tit]
[2018-05-09 20:53:29] [INFO] 开始查找元素：By.xpath: //*[@id="um"]/p[1]/a[7]
[2018-05-09 20:53:50] [ERROR] 超时!! 20 秒之后还没找到元素 [By.xpath: //*[@id="um"]/p[1]/a[7]]
