[2018-05-09 20:50:59] [INFO] 启动FirefoxDriver
[2018-05-09 20:50:59] [INFO] 打开网址http://127.0.0.1:8087/Discuz_X3.2_SC_GBK/upload/forum.php
[2018-05-09 20:50:59] [INFO] 找到元素[[FirefoxDriver: firefox on XP (fecd8dea-be5f-4ae1-80c1-fc453e67a0bf)] -> id: ls_username]
[2018-05-09 20:51:00] [INFO] 输入内容为：jxr
[2018-05-09 20:51:00] [INFO] 找到元素[[FirefoxDriver: firefox on XP (fecd8dea-be5f-4ae1-80c1-fc453e67a0bf)] -> id: ls_password]
[2018-05-09 20:51:00] [INFO] 输入内容为：123456
[2018-05-09 20:51:00] [INFO] 找到元素[[FirefoxDriver: firefox on XP (fecd8dea-be5f-4ae1-80c1-fc453e67a0bf)] -> xpath: //*[@id="lsform"]/div/div/table/tbody/tr[2]/td[3]/button]
[2018-05-09 20:51:00] [INFO] 元素点击成功
[2018-05-09 20:51:00] [INFO] 开始查找元素：By.xpath: //*[@id="scbar_btn"]
[2018-05-09 20:51:00] [INFO] 找到了元素 [By.xpath: //*[@id="scbar_btn"]]
[2018-05-09 20:51:00] [INFO] 找到元素[[FirefoxDriver: firefox on XP (fecd8dea-be5f-4ae1-80c1-fc453e67a0bf)] -> id: scbar_txt]
[2018-05-09 20:51:00] [INFO] 输入内容为：tit
[2018-05-09 20:51:00] [INFO] 找到元素[[FirefoxDriver: firefox on XP (fecd8dea-be5f-4ae1-80c1-fc453e67a0bf)] -> xpath: //*[@id="scbar_btn"]]
[2018-05-09 20:51:01] [INFO] 元素点击成功
[2018-05-09 20:51:01] [INFO] 获取窗口2147483651
[2018-05-09 20:51:01] [INFO] 获取窗口2147483659
[2018-05-09 20:51:01] [INFO] 开始查找元素：By.xpath: //*[@id="38"]/h3/a/strong/font
[2018-05-09 20:51:02] [INFO] 找到了元素 [By.xpath: //*[@id="38"]/h3/a/strong/font]
[2018-05-09 20:51:02] [INFO] 找到元素[[FirefoxDriver: firefox on XP (fecd8dea-be5f-4ae1-80c1-fc453e67a0bf)] -> xpath: //*[@id="38"]/h3/a/strong/font]
[2018-05-09 20:51:02] [INFO] 元素点击成功
[2018-05-09 20:51:02] [INFO] 获取窗口2147483651
[2018-05-09 20:51:02] [INFO] 获取窗口2147483659
[2018-05-09 20:51:02] [INFO] 获取窗口2147483662
[2018-05-09 20:51:02] [INFO] 开始查找元素：By.id: thread_subject
[2018-05-09 20:51:04] [INFO] 找到了元素 [By.id: thread_subject]
[2018-05-09 20:51:04] [INFO] 找到元素[[FirefoxDriver: firefox on XP (fecd8dea-be5f-4ae1-80c1-fc453e67a0bf)] -> id: thread_subject]
[2018-05-09 20:51:04] [INFO] 找到了期望的文字: [tit]
[2018-05-09 20:51:04] [INFO] 开始查找元素：By.xpath: //*[@id="um"]/p[1]/a[7]
[2018-05-09 20:51:14] [ERROR] 超时!! 10 秒之后还没找到元素 [By.xpath: //*[@id="um"]/p[1]/a[7]]
