[2018-05-30 16:00:04] [INFO] 启动FirefoxDriver
[2018-05-30 16:00:06] [INFO] 打开网址http://127.0.0.1:8087/Discuz_X3.2_SC_GBK/upload/forum.php
[2018-05-30 16:00:06] [INFO] 找到元素[[FirefoxDriver: firefox on XP (ff7ea209-aa24-4622-b464-708b4af1174a)] -> id: ls_username]
[2018-05-30 16:00:06] [INFO] 输入内容为：jxr
[2018-05-30 16:00:06] [INFO] 找到元素[[FirefoxDriver: firefox on XP (ff7ea209-aa24-4622-b464-708b4af1174a)] -> id: ls_password]
[2018-05-30 16:00:06] [INFO] 输入内容为：123456
[2018-05-30 16:00:06] [INFO] 找到元素[[FirefoxDriver: firefox on XP (ff7ea209-aa24-4622-b464-708b4af1174a)] -> xpath: //*[@id="lsform"]/div/div/table/tbody/tr[2]/td[3]/button]
[2018-05-30 16:00:06] [INFO] 元素点击成功
[2018-05-30 16:00:09] [INFO] 找到元素[[FirefoxDriver: firefox on XP (ff7ea209-aa24-4622-b464-708b4af1174a)] -> xpath: //*[@id="category_1"]/table/tbody/tr[2]/td[2]/h2/a]
[2018-05-30 16:00:10] [INFO] 元素点击成功
[2018-05-30 16:00:10] [INFO] 找到元素[[FirefoxDriver: firefox on XP (ff7ea209-aa24-4622-b464-708b4af1174a)] -> id: subject]
[2018-05-30 16:00:10] [INFO] 输入内容为：新板块的第一条回复
[2018-05-30 16:00:10] [INFO] 找到元素[[FirefoxDriver: firefox on XP (ff7ea209-aa24-4622-b464-708b4af1174a)] -> id: fastpostmessage]
[2018-05-30 16:00:11] [INFO] 输入内容为：欢迎回帖。。。。。。。。。
[2018-05-30 16:00:11] [INFO] 找到元素[[FirefoxDriver: firefox on XP (ff7ea209-aa24-4622-b464-708b4af1174a)] -> id: fastpostsubmit]
[2018-05-30 16:00:11] [INFO] 元素点击成功
[2018-05-30 16:00:14] [INFO] 找到元素[[FirefoxDriver: firefox on XP (ff7ea209-aa24-4622-b464-708b4af1174a)] -> xpath: //*[@id="fastpostmessage"]]
[2018-05-30 16:00:14] [INFO] 输入内容为：哈哈哈哈哈
[2018-05-30 16:00:14] [INFO] 开始查找元素：By.xpath: //*[@id="fastpostsubmit"]
[2018-05-30 16:00:14] [INFO] 找到了元素 [By.xpath: //*[@id="fastpostsubmit"]]
[2018-05-30 16:00:14] [INFO] 找到元素[[FirefoxDriver: firefox on XP (ff7ea209-aa24-4622-b464-708b4af1174a)] -> xpath: //*[@id="fastpostsubmit"]]
[2018-05-30 16:00:15] [INFO] 元素点击成功
