[2018-05-09 19:20:50] [INFO] 启动ChromeDriver
[2018-05-09 19:20:51] [INFO] 打开网址http://127.0.0.1:8087/Discuz_X3.2_SC_GBK/upload/forum.php
[2018-05-09 19:20:51] [INFO] 找到元素[[ChromeDriver: chrome on XP (63f0f402dfe71ef79c0a763da73370fe)] -> id: ls_username]
[2018-05-09 19:20:52] [INFO] 输入内容为：admin
[2018-05-09 19:20:52] [INFO] 找到元素[[ChromeDriver: chrome on XP (63f0f402dfe71ef79c0a763da73370fe)] -> id: ls_password]
[2018-05-09 19:20:52] [INFO] 输入内容为：password
[2018-05-09 19:20:52] [INFO] 找到元素[[ChromeDriver: chrome on XP (63f0f402dfe71ef79c0a763da73370fe)] -> xpath: //*[@id="lsform"]/div/div/table/tbody/tr[2]/td[3]/button]
[2018-05-09 19:20:52] [INFO] 元素点击成功
[2018-05-09 19:20:52] [INFO] 开始查找元素：By.xpath: //*[@id="um"]/p[1]/a[6]
[2018-05-09 19:20:54] [INFO] 找到了元素 [By.xpath: //*[@id="um"]/p[1]/a[6]]
[2018-05-09 19:20:54] [INFO] 找到元素[[ChromeDriver: chrome on XP (63f0f402dfe71ef79c0a763da73370fe)] -> xpath: //*[@id="um"]/p[1]/a[6]]
[2018-05-09 19:20:54] [INFO] 元素点击成功
[2018-05-09 19:20:54] [INFO] 获取窗口CDwindow-9DE40A72064E907F1868C599F6724A58
[2018-05-09 19:20:54] [INFO] 获取窗口CDwindow-816BF9CF4C7EFDB259C4D3682F532C89
[2018-05-09 19:20:55] [INFO] 找到元素[[ChromeDriver: chrome on XP (63f0f402dfe71ef79c0a763da73370fe)] -> class name: txt]
[2018-05-09 19:20:55] [INFO] 输入内容为：password
[2018-05-09 19:20:55] [INFO] 找到元素[[ChromeDriver: chrome on XP (63f0f402dfe71ef79c0a763da73370fe)] -> xpath: //*[@id="loginform"]/p[9]/input]
[2018-05-09 19:21:18] [INFO] 元素点击成功
[2018-05-09 19:21:18] [INFO] 获取窗口CDwindow-9DE40A72064E907F1868C599F6724A58
[2018-05-09 19:21:18] [INFO] 获取窗口CDwindow-816BF9CF4C7EFDB259C4D3682F532C89
[2018-05-09 19:21:18] [INFO] 找到元素[[ChromeDriver: chrome on XP (63f0f402dfe71ef79c0a763da73370fe)] -> id: header_forum]
[2018-05-09 19:21:18] [INFO] 元素点击成功
[2018-05-09 19:21:18] [INFO] 开始查找元素：By.xpath: //*[@id="cpform"]/table/tbody[3]/tr/td[2]/div/a
[2018-05-09 19:21:19] [INFO] 找到了元素 [By.xpath: //*[@id="cpform"]/table/tbody[3]/tr/td[2]/div/a]
[2018-05-09 19:21:19] [INFO] 找到元素[[ChromeDriver: chrome on XP (63f0f402dfe71ef79c0a763da73370fe)] -> xpath: //*[@id="cpform"]/table/tbody[3]/tr/td[2]/div/a]
[2018-05-09 19:21:20] [INFO] 元素点击成功
[2018-05-09 19:21:20] [INFO] 找到元素[[ChromeDriver: chrome on XP (63f0f402dfe71ef79c0a763da73370fe)] -> id: submit_editsubmit]
[2018-05-09 19:21:20] [INFO] 元素点击成功
[2018-05-09 19:21:20] [INFO] 找到元素[[ChromeDriver: chrome on XP (63f0f402dfe71ef79c0a763da73370fe)] -> xpath: //*[@id="frameuinfo"]/p[1]/a]
[2018-05-09 19:21:20] [INFO] 元素点击成功
