[2018-05-09 17:13:02] [INFO] 启动ChromeDriver
[2018-05-09 17:13:02] [INFO] 打开网址http://127.0.0.1:8087/Discuz_X3.2_SC_GBK/upload/forum.php
[2018-05-09 17:13:03] [INFO] 找到元素[[ChromeDriver: chrome on XP (c4731b0c00cc89af5485fe6d4b31f4d6)] -> id: ls_username]
[2018-05-09 17:13:03] [INFO] 输入内容为：jxr
[2018-05-09 17:13:03] [INFO] 找到元素[[ChromeDriver: chrome on XP (c4731b0c00cc89af5485fe6d4b31f4d6)] -> id: ls_password]
[2018-05-09 17:13:03] [INFO] 输入内容为：123456
[2018-05-09 17:13:03] [INFO] 找到元素[[ChromeDriver: chrome on XP (c4731b0c00cc89af5485fe6d4b31f4d6)] -> xpath: //*[@id="lsform"]/div/div/table/tbody/tr[2]/td[3]/button]
[2018-05-09 17:13:03] [INFO] 元素点击成功
[2018-05-09 17:13:06] [INFO] 找到元素[[ChromeDriver: chrome on XP (c4731b0c00cc89af5485fe6d4b31f4d6)] -> xpath: //*[@id="category_1"]/table/tbody/tr[2]/td[2]/h2/a]
[2018-05-09 17:13:06] [INFO] 元素点击成功
[2018-05-09 17:13:06] [INFO] 找到元素[[ChromeDriver: chrome on XP (c4731b0c00cc89af5485fe6d4b31f4d6)] -> id: subject]
[2018-05-09 17:13:07] [INFO] 输入内容为：新板块的第一条回复
[2018-05-09 17:13:07] [INFO] 找到元素[[ChromeDriver: chrome on XP (c4731b0c00cc89af5485fe6d4b31f4d6)] -> id: fastpostmessage]
[2018-05-09 17:13:07] [INFO] 输入内容为：20180509
[2018-05-09 17:13:07] [INFO] 找到元素[[ChromeDriver: chrome on XP (c4731b0c00cc89af5485fe6d4b31f4d6)] -> id: fastpostsubmit]
[2018-05-09 17:13:07] [INFO] 元素点击成功
[2018-05-09 17:13:10] [INFO] 找到元素[[ChromeDriver: chrome on XP (c4731b0c00cc89af5485fe6d4b31f4d6)] -> class name: pt]
[2018-05-09 17:13:10] [INFO] 输入内容为：哈哈哈哈哈
[2018-05-09 17:13:13] [INFO] 找到元素[[ChromeDriver: chrome on XP (c4731b0c00cc89af5485fe6d4b31f4d6)] -> xpath: //*[@id="fastpostsubmit"]]
[2018-05-09 17:13:13] [INFO] 元素点击成功
