[2018-05-09 16:51:49] [INFO] 启动ChromeDriver
[2018-05-09 16:51:50] [INFO] 打开网址http://127.0.0.1:8087/Discuz_X3.2_SC_GBK/upload/forum.php
[2018-05-09 16:51:50] [INFO] 找到元素[[ChromeDriver: chrome on XP (285f478cead30cc28fc360527c7a3185)] -> id: ls_username]
[2018-05-09 16:51:50] [INFO] 输入内容为：jxr
[2018-05-09 16:51:50] [INFO] 找到元素[[ChromeDriver: chrome on XP (285f478cead30cc28fc360527c7a3185)] -> id: ls_password]
[2018-05-09 16:51:50] [INFO] 输入内容为：123456
[2018-05-09 16:51:50] [INFO] 找到元素[[ChromeDriver: chrome on XP (285f478cead30cc28fc360527c7a3185)] -> xpath: //*[@id="lsform"]/div/div/table/tbody/tr[2]/td[3]/button]
[2018-05-09 16:51:50] [INFO] 元素点击成功
[2018-05-09 16:51:53] [INFO] 找到元素[[ChromeDriver: chrome on XP (285f478cead30cc28fc360527c7a3185)] -> xpath: //*[@id="category_1"]/table/tbody/tr[2]/td[2]/h2/a]
[2018-05-09 16:51:54] [INFO] 元素点击成功
[2018-05-09 16:51:54] [INFO] 找到元素[[ChromeDriver: chrome on XP (285f478cead30cc28fc360527c7a3185)] -> id: subject]
[2018-05-09 16:51:54] [INFO] 输入内容为：title
[2018-05-09 16:51:54] [INFO] 找到元素[[ChromeDriver: chrome on XP (285f478cead30cc28fc360527c7a3185)] -> id: fastpostmessage]
[2018-05-09 16:51:54] [INFO] 输入内容为：text
[2018-05-09 16:51:54] [INFO] 找到元素[[ChromeDriver: chrome on XP (285f478cead30cc28fc360527c7a3185)] -> id: fastpostsubmit]
[2018-05-09 16:51:54] [INFO] 元素点击成功
[2018-05-09 16:51:57] [INFO] 找到元素[[ChromeDriver: chrome on XP (285f478cead30cc28fc360527c7a3185)] -> class name: pt]
[2018-05-09 16:51:58] [INFO] 输入内容为：replymessages
[2018-05-09 16:51:58] [INFO] 找到元素[[ChromeDriver: chrome on XP (285f478cead30cc28fc360527c7a3185)] -> xpath: //*[@id="fastpostsubmit"]]
[2018-05-09 16:51:58] [INFO] 元素点击成功
