[2018-05-09 14:13:45] [INFO] 启动ChromeDriver
[2018-05-09 14:13:46] [INFO] 打开网址http://127.0.0.1:8087/Discuz_X3.2_SC_GBK/upload/forum.php
[2018-05-09 14:13:46] [INFO] 找到元素[[ChromeDriver: chrome on XP (6f7536dd27e7fab76d91d628addc0ff2)] -> id: ls_username]
[2018-05-09 14:13:46] [INFO] 输入内容为：admin
[2018-05-09 14:13:46] [INFO] 找到元素[[ChromeDriver: chrome on XP (6f7536dd27e7fab76d91d628addc0ff2)] -> id: ls_password]
[2018-05-09 14:13:46] [INFO] 输入内容为：password
[2018-05-09 14:13:46] [INFO] 找到元素[[ChromeDriver: chrome on XP (6f7536dd27e7fab76d91d628addc0ff2)] -> xpath: //*[@id="lsform"]/div/div/table/tbody/tr[2]/td[3]/button]
[2018-05-09 14:13:46] [INFO] 元素点击成功
[2018-05-09 14:13:49] [INFO] 找到元素[[ChromeDriver: chrome on XP (6f7536dd27e7fab76d91d628addc0ff2)] -> xpath: //*[@id="um"]/p[1]/a[6]]
[2018-05-09 14:13:49] [INFO] 元素点击成功
[2018-05-09 14:13:49] [INFO] 获取窗口CDwindow-5B0AF24DF96D5392D255B2CAE8BBC96C
[2018-05-09 14:13:49] [INFO] 获取窗口CDwindow-27D7F6AF43E4A9699AD63620A08497D4
[2018-05-09 14:13:50] [INFO] 找到元素[[ChromeDriver: chrome on XP (6f7536dd27e7fab76d91d628addc0ff2)] -> class name: txt]
[2018-05-09 14:13:51] [INFO] 输入内容为：password
[2018-05-09 14:13:51] [INFO] 找到元素[[ChromeDriver: chrome on XP (6f7536dd27e7fab76d91d628addc0ff2)] -> xpath: //*[@id="loginform"]/p[9]/input]
[2018-05-09 14:14:12] [INFO] 元素点击成功
[2018-05-09 14:14:12] [INFO] 获取窗口CDwindow-5B0AF24DF96D5392D255B2CAE8BBC96C
[2018-05-09 14:14:12] [INFO] 获取窗口CDwindow-27D7F6AF43E4A9699AD63620A08497D4
[2018-05-09 14:14:12] [INFO] 找到元素[[ChromeDriver: chrome on XP (6f7536dd27e7fab76d91d628addc0ff2)] -> id: header_forum]
[2018-05-09 14:14:12] [INFO] 元素点击成功
[2018-05-09 14:14:19] [INFO] 找到元素[[ChromeDriver: chrome on XP (6f7536dd27e7fab76d91d628addc0ff2)] -> xpath: //*[@id="cpform"]/table/tbody[3]/tr/td[2]/div/a]
[2018-05-09 14:14:19] [INFO] 元素点击成功
[2018-05-09 14:14:19] [INFO] 找到元素[[ChromeDriver: chrome on XP (6f7536dd27e7fab76d91d628addc0ff2)] -> id: submit_editsubmit]
[2018-05-09 14:14:19] [INFO] 元素点击成功
[2018-05-09 14:14:22] [INFO] 找到元素[[ChromeDriver: chrome on XP (6f7536dd27e7fab76d91d628addc0ff2)] -> xpath: //*[@id="frameuinfo"]/p[1]/a]
[2018-05-09 14:14:22] [INFO] 元素点击成功
