[2018-05-09 14:24:47] [INFO] 启动ChromeDriver
[2018-05-09 14:24:48] [INFO] 打开网址http://127.0.0.1:8087/Discuz_X3.2_SC_GBK/upload/forum.php
[2018-05-09 14:24:48] [INFO] 找到元素[[ChromeDriver: chrome on XP (aa5822954cef05d6a3d3d47f9c7e98a2)] -> id: ls_username]
[2018-05-09 14:24:48] [INFO] 输入内容为：jxr
[2018-05-09 14:24:48] [INFO] 找到元素[[ChromeDriver: chrome on XP (aa5822954cef05d6a3d3d47f9c7e98a2)] -> id: ls_password]
[2018-05-09 14:24:48] [INFO] 输入内容为：123456
[2018-05-09 14:24:48] [INFO] 找到元素[[ChromeDriver: chrome on XP (aa5822954cef05d6a3d3d47f9c7e98a2)] -> xpath: //*[@id="lsform"]/div/div/table/tbody/tr[2]/td[3]/button]
[2018-05-09 14:24:48] [INFO] 元素点击成功
[2018-05-09 14:24:51] [INFO] 找到元素[[ChromeDriver: chrome on XP (aa5822954cef05d6a3d3d47f9c7e98a2)] -> xpath: //*[@id="category_1"]/table/tbody/tr[2]/td[2]/h2/a]
[2018-05-09 14:24:51] [INFO] 元素点击成功
[2018-05-09 14:24:52] [INFO] 找到元素[[ChromeDriver: chrome on XP (aa5822954cef05d6a3d3d47f9c7e98a2)] -> id: subject]
[2018-05-09 14:24:52] [INFO] 输入内容为：新板块的第一篇帖子
[2018-05-09 14:24:52] [INFO] 找到元素[[ChromeDriver: chrome on XP (aa5822954cef05d6a3d3d47f9c7e98a2)] -> id: fastpostmessage]
[2018-05-09 14:24:52] [INFO] 输入内容为：欢迎回帖，.....................
[2018-05-09 14:24:52] [INFO] 找到元素[[ChromeDriver: chrome on XP (aa5822954cef05d6a3d3d47f9c7e98a2)] -> id: fastpostsubmit]
[2018-05-09 14:24:52] [INFO] 元素点击成功
[2018-05-09 14:24:55] [INFO] 找到元素[[ChromeDriver: chrome on XP (aa5822954cef05d6a3d3d47f9c7e98a2)] -> class name: pt]
[2018-05-09 14:24:55] [INFO] 输入内容为：
[2018-05-09 14:24:55] [INFO] 找到元素[[ChromeDriver: chrome on XP (aa5822954cef05d6a3d3d47f9c7e98a2)] -> xpath: //*[@id="fastpostsubmit"]]
[2018-05-09 14:24:55] [INFO] 元素点击成功
