[2018-05-09 16:55:26] [INFO] 启动ChromeDriver
[2018-05-09 16:55:27] [INFO] 打开网址http://127.0.0.1:8087/Discuz_X3.2_SC_GBK/upload/forum.php
[2018-05-09 16:55:27] [INFO] 找到元素[[ChromeDriver: chrome on XP (0446580608ab1a4f09d012a9f685f5db)] -> id: ls_username]
[2018-05-09 16:55:27] [INFO] 输入内容为：jxr
[2018-05-09 16:55:27] [INFO] 找到元素[[ChromeDriver: chrome on XP (0446580608ab1a4f09d012a9f685f5db)] -> id: ls_password]
[2018-05-09 16:55:27] [INFO] 输入内容为：123456
[2018-05-09 16:55:27] [INFO] 找到元素[[ChromeDriver: chrome on XP (0446580608ab1a4f09d012a9f685f5db)] -> xpath: //*[@id="lsform"]/div/div/table/tbody/tr[2]/td[3]/button]
[2018-05-09 16:55:27] [INFO] 元素点击成功
[2018-05-09 16:55:30] [INFO] 找到元素[[ChromeDriver: chrome on XP (0446580608ab1a4f09d012a9f685f5db)] -> xpath: //*[@id="category_1"]/table/tbody/tr[2]/td[2]/h2/a]
[2018-05-09 16:55:31] [INFO] 元素点击成功
[2018-05-09 16:55:31] [INFO] 找到元素[[ChromeDriver: chrome on XP (0446580608ab1a4f09d012a9f685f5db)] -> id: subject]
[2018-05-09 16:55:31] [INFO] 输入内容为：新板块的第一条回复
[2018-05-09 16:55:31] [INFO] 找到元素[[ChromeDriver: chrome on XP (0446580608ab1a4f09d012a9f685f5db)] -> id: fastpostmessage]
[2018-05-09 16:55:31] [INFO] 输入内容为：20180509
[2018-05-09 16:55:31] [INFO] 找到元素[[ChromeDriver: chrome on XP (0446580608ab1a4f09d012a9f685f5db)] -> id: fastpostsubmit]
[2018-05-09 16:55:31] [INFO] 元素点击成功
[2018-05-09 16:55:34] [INFO] 找到元素[[ChromeDriver: chrome on XP (0446580608ab1a4f09d012a9f685f5db)] -> class name: pt]
[2018-05-09 16:55:34] [INFO] 输入内容为：哈哈哈哈哈
[2018-05-09 16:55:34] [INFO] 找到元素[[ChromeDriver: chrome on XP (0446580608ab1a4f09d012a9f685f5db)] -> xpath: //*[@id="fastpostsubmit"]]
[2018-05-09 16:55:34] [INFO] 元素点击成功
