[2018-05-09 20:22:16] [INFO] 启动FirefoxDriver
[2018-05-09 20:22:17] [INFO] 打开网址http://127.0.0.1:8087/Discuz_X3.2_SC_GBK/upload/forum.php
[2018-05-09 20:22:17] [INFO] 找到元素[[FirefoxDriver: firefox on XP (d6b54b88-fa5f-408c-b625-0fb958ef86f2)] -> id: ls_username]
[2018-05-09 20:22:17] [INFO] 输入内容为：jxr
[2018-05-09 20:22:17] [INFO] 找到元素[[FirefoxDriver: firefox on XP (d6b54b88-fa5f-408c-b625-0fb958ef86f2)] -> id: ls_password]
[2018-05-09 20:22:17] [INFO] 输入内容为：123456
[2018-05-09 20:22:17] [INFO] 找到元素[[FirefoxDriver: firefox on XP (d6b54b88-fa5f-408c-b625-0fb958ef86f2)] -> xpath: //*[@id="lsform"]/div/div/table/tbody/tr[2]/td[3]/button]
[2018-05-09 20:22:18] [INFO] 元素点击成功
[2018-05-09 20:22:18] [INFO] 开始查找元素：By.xpath: //*[@id="scbar_btn"]
[2018-05-09 20:22:18] [INFO] 找到了元素 [By.xpath: //*[@id="scbar_btn"]]
[2018-05-09 20:22:18] [INFO] 找到元素[[FirefoxDriver: firefox on XP (d6b54b88-fa5f-408c-b625-0fb958ef86f2)] -> id: scbar_txt]
[2018-05-09 20:22:18] [INFO] 输入内容为：tit
[2018-05-09 20:22:18] [INFO] 找到元素[[FirefoxDriver: firefox on XP (d6b54b88-fa5f-408c-b625-0fb958ef86f2)] -> xpath: //*[@id="scbar_btn"]]
[2018-05-09 20:22:18] [INFO] 元素点击成功
[2018-05-09 20:22:18] [INFO] 获取窗口4294967297
[2018-05-09 20:22:19] [INFO] 获取窗口4294967304
[2018-05-09 20:22:19] [INFO] 开始查找元素：By.xpath: //*[@id="38"]/h3/a/strong/font
[2018-05-09 20:22:20] [INFO] 找到了元素 [By.xpath: //*[@id="38"]/h3/a/strong/font]
[2018-05-09 20:22:20] [INFO] 找到元素[[FirefoxDriver: firefox on XP (d6b54b88-fa5f-408c-b625-0fb958ef86f2)] -> xpath: //*[@id="38"]/h3/a/strong/font]
[2018-05-09 20:22:20] [INFO] 元素点击成功
