[2018-05-09 17:16:32] [INFO] 启动ChromeDriver
[2018-05-09 17:16:33] [INFO] 打开网址http://127.0.0.1:8087/Discuz_X3.2_SC_GBK/upload/forum.php
[2018-05-09 17:16:33] [INFO] 找到元素[[ChromeDriver: chrome on XP (f1bddbb75e9aae15954d2f89db8f4d59)] -> id: ls_username]
[2018-05-09 17:16:33] [INFO] 输入内容为：jxr
[2018-05-09 17:16:33] [INFO] 找到元素[[ChromeDriver: chrome on XP (f1bddbb75e9aae15954d2f89db8f4d59)] -> id: ls_password]
[2018-05-09 17:16:33] [INFO] 输入内容为：123456
[2018-05-09 17:16:33] [INFO] 找到元素[[ChromeDriver: chrome on XP (f1bddbb75e9aae15954d2f89db8f4d59)] -> xpath: //*[@id="lsform"]/div/div/table/tbody/tr[2]/td[3]/button]
[2018-05-09 17:16:33] [INFO] 元素点击成功
[2018-05-09 17:16:36] [INFO] 找到元素[[ChromeDriver: chrome on XP (f1bddbb75e9aae15954d2f89db8f4d59)] -> xpath: //*[@id="category_1"]/table/tbody/tr[2]/td[2]/h2/a]
[2018-05-09 17:16:37] [INFO] 元素点击成功
[2018-05-09 17:16:37] [INFO] 找到元素[[ChromeDriver: chrome on XP (f1bddbb75e9aae15954d2f89db8f4d59)] -> id: subject]
[2018-05-09 17:16:37] [INFO] 输入内容为：新板块的第一条回复
[2018-05-09 17:16:37] [INFO] 找到元素[[ChromeDriver: chrome on XP (f1bddbb75e9aae15954d2f89db8f4d59)] -> id: fastpostmessage]
[2018-05-09 17:16:37] [INFO] 输入内容为：20180509
[2018-05-09 17:16:37] [INFO] 找到元素[[ChromeDriver: chrome on XP (f1bddbb75e9aae15954d2f89db8f4d59)] -> id: fastpostsubmit]
[2018-05-09 17:16:37] [INFO] 元素点击成功
[2018-05-09 17:16:37] [INFO] 找到元素[[ChromeDriver: chrome on XP (f1bddbb75e9aae15954d2f89db8f4d59)] -> class name: pt]
[2018-05-09 17:16:37] [INFO] 输入内容为：哈哈哈哈哈
[2018-05-09 17:16:40] [INFO] 找到元素[[ChromeDriver: chrome on XP (f1bddbb75e9aae15954d2f89db8f4d59)] -> xpath: //*[@id="fastpostsubmit"]]
[2018-05-09 17:16:41] [INFO] 元素点击成功
