[2018-05-09 12:34:50] [INFO] 启动ChromeDriver
[2018-05-09 12:34:51] [INFO] 打开网址http://127.0.0.1:8087/Discuz_X3.2_SC_GBK/upload/forum.php
[2018-05-09 12:34:51] [INFO] 找到元素[[ChromeDriver: chrome on XP (da1dd7eca949a4528ad6fcc41f6cf845)] -> id: ls_username]
[2018-05-09 12:34:51] [INFO] 输入内容为：admin
[2018-05-09 12:34:51] [INFO] 找到元素[[ChromeDriver: chrome on XP (da1dd7eca949a4528ad6fcc41f6cf845)] -> id: ls_password]
[2018-05-09 12:34:51] [INFO] 输入内容为：password
[2018-05-09 12:34:51] [INFO] 找到元素[[ChromeDriver: chrome on XP (da1dd7eca949a4528ad6fcc41f6cf845)] -> xpath: //*[@id="lsform"]/div/div/table/tbody/tr[2]/td[3]/button]
[2018-05-09 12:34:51] [INFO] 元素点击成功
[2018-05-09 12:34:54] [INFO] 找到元素[[ChromeDriver: chrome on XP (da1dd7eca949a4528ad6fcc41f6cf845)] -> xpath: //*[@id="um"]/p[1]/a[6]]
[2018-05-09 12:34:54] [INFO] 元素点击成功
[2018-05-09 12:34:54] [INFO] 获取窗口CDwindow-DF06A01858FE81FC74CD8BAB5BD13440
[2018-05-09 12:34:54] [INFO] 获取窗口CDwindow-ED96AB3DD97944964672A3B2B4F23EA3
[2018-05-09 12:34:55] [INFO] 找到元素[[ChromeDriver: chrome on XP (da1dd7eca949a4528ad6fcc41f6cf845)] -> class name: txt]
[2018-05-09 12:34:55] [INFO] 输入内容为：password
[2018-05-09 12:34:55] [INFO] 找到元素[[ChromeDriver: chrome on XP (da1dd7eca949a4528ad6fcc41f6cf845)] -> xpath: //*[@id="loginform"]/p[9]/input]
[2018-05-09 12:35:17] [INFO] 元素点击成功
[2018-05-09 12:35:17] [INFO] 获取窗口CDwindow-DF06A01858FE81FC74CD8BAB5BD13440
[2018-05-09 12:35:17] [INFO] 获取窗口CDwindow-ED96AB3DD97944964672A3B2B4F23EA3
[2018-05-09 12:35:17] [INFO] 找到元素[[ChromeDriver: chrome on XP (da1dd7eca949a4528ad6fcc41f6cf845)] -> id: header_forum]
[2018-05-09 12:35:17] [INFO] 元素点击成功
[2018-05-09 12:35:20] [INFO] 找到元素[[ChromeDriver: chrome on XP (da1dd7eca949a4528ad6fcc41f6cf845)] -> xpath: //*[@id="cpform"]/table/tbody[3]/tr/td[2]/div/a]
[2018-05-09 12:35:20] [INFO] 元素点击成功
[2018-05-09 12:35:20] [INFO] 找到元素[[ChromeDriver: chrome on XP (da1dd7eca949a4528ad6fcc41f6cf845)] -> id: submit_editsubmit]
[2018-05-09 12:35:21] [INFO] 元素点击成功
