[2018-05-09 17:17:18] [INFO] 启动ChromeDriver
[2018-05-09 17:17:19] [INFO] 打开网址http://127.0.0.1:8087/Discuz_X3.2_SC_GBK/upload/forum.php
[2018-05-09 17:17:19] [INFO] 找到元素[[ChromeDriver: chrome on XP (270e196c196331dee6458a43999a193f)] -> id: ls_username]
[2018-05-09 17:17:19] [INFO] 输入内容为：jxr
[2018-05-09 17:17:19] [INFO] 找到元素[[ChromeDriver: chrome on XP (270e196c196331dee6458a43999a193f)] -> id: ls_password]
[2018-05-09 17:17:19] [INFO] 输入内容为：123456
[2018-05-09 17:17:19] [INFO] 找到元素[[ChromeDriver: chrome on XP (270e196c196331dee6458a43999a193f)] -> xpath: //*[@id="lsform"]/div/div/table/tbody/tr[2]/td[3]/button]
[2018-05-09 17:17:19] [INFO] 元素点击成功
[2018-05-09 17:17:22] [INFO] 找到元素[[ChromeDriver: chrome on XP (270e196c196331dee6458a43999a193f)] -> xpath: //*[@id="category_1"]/table/tbody/tr[2]/td[2]/h2/a]
[2018-05-09 17:17:23] [INFO] 元素点击成功
[2018-05-09 17:17:23] [INFO] 找到元素[[ChromeDriver: chrome on XP (270e196c196331dee6458a43999a193f)] -> id: subject]
[2018-05-09 17:17:23] [INFO] 输入内容为：新板块的第一条回复
[2018-05-09 17:17:23] [INFO] 找到元素[[ChromeDriver: chrome on XP (270e196c196331dee6458a43999a193f)] -> id: fastpostmessage]
[2018-05-09 17:17:23] [INFO] 输入内容为：20180509
[2018-05-09 17:17:23] [INFO] 找到元素[[ChromeDriver: chrome on XP (270e196c196331dee6458a43999a193f)] -> id: fastpostsubmit]
[2018-05-09 17:17:23] [INFO] 元素点击成功
[2018-05-09 17:17:26] [INFO] 找到元素[[ChromeDriver: chrome on XP (270e196c196331dee6458a43999a193f)] -> class name: pt]
[2018-05-09 17:17:26] [INFO] 输入内容为：哈哈哈哈哈
[2018-05-09 17:17:29] [INFO] 找到元素[[ChromeDriver: chrome on XP (270e196c196331dee6458a43999a193f)] -> xpath: //*[@id="fastpostsubmit"]]
[2018-05-09 17:17:29] [INFO] 元素点击成功
