[2018-05-09 12:32:31] [INFO] 启动ChromeDriver
[2018-05-09 12:32:32] [INFO] 打开网址http://127.0.0.1:8087/Discuz_X3.2_SC_GBK/upload/forum.php
[2018-05-09 12:32:32] [INFO] 找到元素[[ChromeDriver: chrome on XP (c3cb65353327406720ef50aebd10f21a)] -> id: ls_username]
[2018-05-09 12:32:32] [INFO] 输入内容为：admin
[2018-05-09 12:32:32] [INFO] 找到元素[[ChromeDriver: chrome on XP (c3cb65353327406720ef50aebd10f21a)] -> id: ls_password]
[2018-05-09 12:32:32] [INFO] 输入内容为：password
[2018-05-09 12:32:32] [INFO] 找到元素[[ChromeDriver: chrome on XP (c3cb65353327406720ef50aebd10f21a)] -> xpath: //*[@id="lsform"]/div/div/table/tbody/tr[2]/td[3]/button]
[2018-05-09 12:32:32] [INFO] 元素点击成功
[2018-05-09 12:32:35] [INFO] 找到元素[[ChromeDriver: chrome on XP (c3cb65353327406720ef50aebd10f21a)] -> xpath: //*[@id="um"]/p[1]/a[6]]
[2018-05-09 12:32:36] [INFO] 元素点击成功
[2018-05-09 12:32:36] [INFO] 获取窗口CDwindow-5F4ACB1CEB522366D4EA39171ABD7E7B
[2018-05-09 12:32:36] [INFO] 获取窗口CDwindow-DE7DD25370F1B6D6D70EA2029351C495
[2018-05-09 12:32:37] [INFO] 找到元素[[ChromeDriver: chrome on XP (c3cb65353327406720ef50aebd10f21a)] -> class name: txt]
[2018-05-09 12:32:37] [INFO] 输入内容为：password
[2018-05-09 12:32:37] [INFO] 找到元素[[ChromeDriver: chrome on XP (c3cb65353327406720ef50aebd10f21a)] -> xpath: //*[@id="loginform"]/p[9]/input]
[2018-05-09 12:32:58] [INFO] 元素点击成功
[2018-05-09 12:32:58] [INFO] 获取窗口CDwindow-5F4ACB1CEB522366D4EA39171ABD7E7B
[2018-05-09 12:32:58] [INFO] 获取窗口CDwindow-DE7DD25370F1B6D6D70EA2029351C495
[2018-05-09 12:32:58] [INFO] 找到元素[[ChromeDriver: chrome on XP (c3cb65353327406720ef50aebd10f21a)] -> id: header_forum]
[2018-05-09 12:32:58] [INFO] 元素点击成功
