[2018-05-09 13:26:57] [INFO] 启动ChromeDriver
[2018-05-09 13:26:58] [INFO] 打开网址http://127.0.0.1:8087/Discuz_X3.2_SC_GBK/upload/forum.php
[2018-05-09 13:26:58] [INFO] 找到元素[[ChromeDriver: chrome on XP (15cd3e5cda5db6bc0b4b69961e9bc272)] -> id: ls_username]
[2018-05-09 13:26:58] [INFO] 输入内容为：jxr
[2018-05-09 13:26:58] [INFO] 找到元素[[ChromeDriver: chrome on XP (15cd3e5cda5db6bc0b4b69961e9bc272)] -> id: ls_password]
[2018-05-09 13:26:58] [INFO] 输入内容为：123456
[2018-05-09 13:26:58] [INFO] 找到元素[[ChromeDriver: chrome on XP (15cd3e5cda5db6bc0b4b69961e9bc272)] -> xpath: //*[@id="lsform"]/div/div/table/tbody/tr[2]/td[3]/button]
[2018-05-09 13:26:58] [INFO] 元素点击成功
[2018-05-09 13:27:01] [INFO] 找到元素[[ChromeDriver: chrome on XP (15cd3e5cda5db6bc0b4b69961e9bc272)] -> xpath: //*[@id="category_1"]/table/tbody/tr[2]/td[2]/h2/a]
[2018-05-09 13:27:02] [INFO] 元素点击成功
[2018-05-09 13:27:02] [INFO] 找到元素[[ChromeDriver: chrome on XP (15cd3e5cda5db6bc0b4b69961e9bc272)] -> id: subject]
[2018-05-09 13:27:02] [INFO] 输入内容为：新板块的第一篇帖子
[2018-05-09 13:27:02] [INFO] 找到元素[[ChromeDriver: chrome on XP (15cd3e5cda5db6bc0b4b69961e9bc272)] -> id: fastpostmessage]
[2018-05-09 13:27:03] [INFO] 输入内容为：欢迎回帖，.....................
[2018-05-09 13:27:03] [INFO] 找到元素[[ChromeDriver: chrome on XP (15cd3e5cda5db6bc0b4b69961e9bc272)] -> id: fastpostsubmit]
[2018-05-09 13:27:03] [INFO] 元素点击成功
[2018-05-09 13:27:06] [INFO] 找到元素[[ChromeDriver: chrome on XP (15cd3e5cda5db6bc0b4b69961e9bc272)] -> class name: pt]
[2018-05-09 13:27:06] [INFO] 输入内容为：哈哈
[2018-05-09 13:27:06] [INFO] 找到元素[[ChromeDriver: chrome on XP (15cd3e5cda5db6bc0b4b69961e9bc272)] -> xpath: //*[@id="fastpostsubmit"]]
[2018-05-09 13:27:06] [INFO] 元素点击成功
