[2018-05-09 20:39:19] [INFO] 启动FirefoxDriver
[2018-05-09 20:39:20] [INFO] 打开网址http://127.0.0.1:8087/Discuz_X3.2_SC_GBK/upload/forum.php
[2018-05-09 20:39:20] [INFO] 找到元素[[FirefoxDriver: firefox on XP (6c6a77c2-8922-4b6a-88e5-7cdc8cb1c5a5)] -> id: ls_username]
[2018-05-09 20:39:20] [INFO] 输入内容为：jxr
[2018-05-09 20:39:20] [INFO] 找到元素[[FirefoxDriver: firefox on XP (6c6a77c2-8922-4b6a-88e5-7cdc8cb1c5a5)] -> id: ls_password]
[2018-05-09 20:39:21] [INFO] 输入内容为：123456
[2018-05-09 20:39:21] [INFO] 找到元素[[FirefoxDriver: firefox on XP (6c6a77c2-8922-4b6a-88e5-7cdc8cb1c5a5)] -> xpath: //*[@id="lsform"]/div/div/table/tbody/tr[2]/td[3]/button]
[2018-05-09 20:39:22] [INFO] 元素点击成功
[2018-05-09 20:39:22] [INFO] 开始查找元素：By.xpath: //*[@id="scbar_btn"]
[2018-05-09 20:39:22] [INFO] 找到了元素 [By.xpath: //*[@id="scbar_btn"]]
[2018-05-09 20:39:22] [INFO] 找到元素[[FirefoxDriver: firefox on XP (6c6a77c2-8922-4b6a-88e5-7cdc8cb1c5a5)] -> id: scbar_txt]
[2018-05-09 20:39:22] [INFO] 输入内容为：tit
[2018-05-09 20:39:22] [INFO] 找到元素[[FirefoxDriver: firefox on XP (6c6a77c2-8922-4b6a-88e5-7cdc8cb1c5a5)] -> xpath: //*[@id="scbar_btn"]]
[2018-05-09 20:39:22] [INFO] 元素点击成功
[2018-05-09 20:39:22] [INFO] 获取窗口2147483652
[2018-05-09 20:39:22] [INFO] 获取窗口2147483659
[2018-05-09 20:39:22] [INFO] 开始查找元素：By.xpath: //*[@id="38"]/h3/a/strong/font
[2018-05-09 20:39:23] [INFO] 找到了元素 [By.xpath: //*[@id="38"]/h3/a/strong/font]
[2018-05-09 20:39:23] [INFO] 找到元素[[FirefoxDriver: firefox on XP (6c6a77c2-8922-4b6a-88e5-7cdc8cb1c5a5)] -> xpath: //*[@id="38"]/h3/a/strong/font]
[2018-05-09 20:39:24] [INFO] 元素点击成功
[2018-05-09 20:39:24] [INFO] 开始查找元素：By.id: thread_subject
[2018-05-09 20:39:44] [ERROR] 超时!! 20 秒之后还没找到元素 [By.id: thread_subject]
