[2018-05-09 17:01:35] [INFO] 启动ChromeDriver
[2018-05-09 17:01:36] [INFO] 打开网址http://127.0.0.1:8087/Discuz_X3.2_SC_GBK/upload/forum.php
[2018-05-09 17:01:36] [INFO] 找到元素[[ChromeDriver: chrome on XP (9929f3907971b7642f8d86b93158af2c)] -> id: ls_username]
[2018-05-09 17:01:36] [INFO] 输入内容为：jxr
[2018-05-09 17:01:36] [INFO] 找到元素[[ChromeDriver: chrome on XP (9929f3907971b7642f8d86b93158af2c)] -> id: ls_password]
[2018-05-09 17:01:37] [INFO] 输入内容为：123456
[2018-05-09 17:01:37] [INFO] 找到元素[[ChromeDriver: chrome on XP (9929f3907971b7642f8d86b93158af2c)] -> xpath: //*[@id="lsform"]/div/div/table/tbody/tr[2]/td[3]/button]
[2018-05-09 17:01:37] [INFO] 元素点击成功
[2018-05-09 17:01:40] [INFO] 找到元素[[ChromeDriver: chrome on XP (9929f3907971b7642f8d86b93158af2c)] -> xpath: //*[@id="category_1"]/table/tbody/tr[2]/td[2]/h2/a]
[2018-05-09 17:01:40] [INFO] 元素点击成功
[2018-05-09 17:01:40] [INFO] 找到元素[[ChromeDriver: chrome on XP (9929f3907971b7642f8d86b93158af2c)] -> id: subject]
[2018-05-09 17:01:41] [INFO] 输入内容为：新板块的第一条回复
[2018-05-09 17:01:41] [INFO] 找到元素[[ChromeDriver: chrome on XP (9929f3907971b7642f8d86b93158af2c)] -> id: fastpostmessage]
[2018-05-09 17:01:41] [INFO] 输入内容为：20180509
[2018-05-09 17:01:41] [INFO] 找到元素[[ChromeDriver: chrome on XP (9929f3907971b7642f8d86b93158af2c)] -> id: fastpostsubmit]
[2018-05-09 17:01:41] [INFO] 元素点击成功
[2018-05-09 17:01:44] [INFO] 找到元素[[ChromeDriver: chrome on XP (9929f3907971b7642f8d86b93158af2c)] -> class name: pt]
[2018-05-09 17:01:44] [INFO] 输入内容为：哈哈哈哈哈
[2018-05-09 17:01:44] [INFO] 找到元素[[ChromeDriver: chrome on XP (9929f3907971b7642f8d86b93158af2c)] -> xpath: //*[@id="fastpostsubmit"]]
[2018-05-09 17:01:44] [INFO] 元素点击成功
