[2018-05-09 16:14:37] [INFO] 启动ChromeDriver
[2018-05-09 16:14:38] [INFO] 打开网址http://127.0.0.1:8087/Discuz_X3.2_SC_GBK/upload/forum.php
[2018-05-09 16:14:38] [INFO] 找到元素[[ChromeDriver: chrome on XP (e03aeb7e381c64cf89e27e584a24518e)] -> id: ls_username]
[2018-05-09 16:14:38] [INFO] 输入内容为：jxr
[2018-05-09 16:14:38] [INFO] 找到元素[[ChromeDriver: chrome on XP (e03aeb7e381c64cf89e27e584a24518e)] -> id: ls_password]
[2018-05-09 16:14:38] [INFO] 输入内容为：123456
[2018-05-09 16:14:38] [INFO] 找到元素[[ChromeDriver: chrome on XP (e03aeb7e381c64cf89e27e584a24518e)] -> xpath: //*[@id="lsform"]/div/div/table/tbody/tr[2]/td[3]/button]
[2018-05-09 16:14:38] [INFO] 元素点击成功
[2018-05-09 16:14:41] [INFO] 找到元素[[ChromeDriver: chrome on XP (e03aeb7e381c64cf89e27e584a24518e)] -> xpath: //*[@id="category_1"]/table/tbody/tr[2]/td[2]/h2/a]
[2018-05-09 16:14:41] [INFO] 元素点击成功
[2018-05-09 16:14:42] [INFO] 找到元素[[ChromeDriver: chrome on XP (e03aeb7e381c64cf89e27e584a24518e)] -> id: subject]
[2018-05-09 16:14:42] [INFO] 输入内容为：新板块的第一篇帖子
[2018-05-09 16:14:42] [INFO] 找到元素[[ChromeDriver: chrome on XP (e03aeb7e381c64cf89e27e584a24518e)] -> id: fastpostmessage]
[2018-05-09 16:14:42] [INFO] 输入内容为：欢迎回帖，.....................
[2018-05-09 16:14:42] [INFO] 找到元素[[ChromeDriver: chrome on XP (e03aeb7e381c64cf89e27e584a24518e)] -> id: fastpostsubmit]
[2018-05-09 16:14:42] [INFO] 元素点击成功
[2018-05-09 16:14:45] [INFO] 找到元素[[ChromeDriver: chrome on XP (e03aeb7e381c64cf89e27e584a24518e)] -> class name: pt]
[2018-05-09 16:14:45] [INFO] 输入内容为：
[2018-05-09 16:14:45] [INFO] 找到元素[[ChromeDriver: chrome on XP (e03aeb7e381c64cf89e27e584a24518e)] -> xpath: //*[@id="fastpostsubmit"]]
[2018-05-09 16:14:45] [INFO] 元素点击成功
